  源.cpp
C:\Users\Liu\source\repos\cstunpack\cstunpack\源.cpp(60,36): warning C4267: “初始化”: 从“size_t”转换到“BYTE”，可能丢失数据
C:\Users\Liu\source\repos\cstunpack\cstunpack\源.cpp(135,28): warning C4244: “=”: 从“DWORD”转换到“CHAR”，可能丢失数据
C:\Users\Liu\source\repos\cstunpack\cstunpack\源.cpp(154,70): warning C4267: “参数”: 从“size_t”转换到“DWORD”，可能丢失数据
C:\Users\Liu\source\repos\cstunpack\cstunpack\源.cpp(177,169): warning C4267: “参数”: 从“size_t”转换到“DWORD”，可能丢失数据
  正在生成代码
  Previous IPDB not found, fall back to full compilation.
  All 3 functions were compiled because no usable IPDB/IOBJ from previous compilation was found.
  已完成代码的生成
zlib.lib(compress.obj) : warning LNK4099: 未找到 PDB“”(使用“zlib.lib(compress.obj)”或在“”中寻找)；正在链接对象，如同没有调试信息一样
zlib.lib(uncompr.obj) : warning LNK4099: 未找到 PDB“”(使用“zlib.lib(uncompr.obj)”或在“”中寻找)；正在链接对象，如同没有调试信息一样
zlib.lib(deflate.obj) : warning LNK4099: 未找到 PDB“”(使用“zlib.lib(deflate.obj)”或在“”中寻找)；正在链接对象，如同没有调试信息一样
zlib.lib(inflate.obj) : warning LNK4099: 未找到 PDB“”(使用“zlib.lib(inflate.obj)”或在“”中寻找)；正在链接对象，如同没有调试信息一样
zlib.lib(adler32.obj) : warning LNK4099: 未找到 PDB“”(使用“zlib.lib(adler32.obj)”或在“”中寻找)；正在链接对象，如同没有调试信息一样
zlib.lib(crc32.obj) : warning LNK4099: 未找到 PDB“”(使用“zlib.lib(crc32.obj)”或在“”中寻找)；正在链接对象，如同没有调试信息一样
zlib.lib(zutil.obj) : warning LNK4099: 未找到 PDB“”(使用“zlib.lib(zutil.obj)”或在“”中寻找)；正在链接对象，如同没有调试信息一样
zlib.lib(trees.obj) : warning LNK4099: 未找到 PDB“”(使用“zlib.lib(trees.obj)”或在“”中寻找)；正在链接对象，如同没有调试信息一样
zlib.lib(inftrees.obj) : warning LNK4099: 未找到 PDB“”(使用“zlib.lib(inftrees.obj)”或在“”中寻找)；正在链接对象，如同没有调试信息一样
zlib.lib(inffast.obj) : warning LNK4099: 未找到 PDB“”(使用“zlib.lib(inffast.obj)”或在“”中寻找)；正在链接对象，如同没有调试信息一样
  cstunpack.vcxproj -> C:\Users\Liu\source\repos\cstunpack\x64\Release\CstUnpack.exe
